# Logfile created on 2013-02-18 18:14:59 +0100 by logger.rb/31641
REQUESTING PAGE: GET /signin with {} and HTTP headers {}
REQUESTING PAGE: GET /signin with {} and HTTP headers {}
REQUESTING PAGE: GET /signin with {} and HTTP headers {}
REQUESTING PAGE: POST /sessions with {"utf8"=>"✓", "email"=>"", "password"=>"", "commit"=>"Sign in"} and HTTP headers {"HTTP_REFERER"=>"/signin"}
REQUESTING PAGE: GET /signin with {} and HTTP headers {}
REQUESTING PAGE: POST /sessions with {"utf8"=>"✓", "email"=>"", "password"=>"", "commit"=>"Sign in"} and HTTP headers {"HTTP_REFERER"=>"/signin"}
REQUESTING PAGE: GET /signin with {} and HTTP headers {}
REQUESTING PAGE: POST /sessions with {"utf8"=>"✓", "email"=>"", "password"=>"", "commit"=>"Sign in"} and HTTP headers {"HTTP_REFERER"=>"/signin"}
REQUESTING PAGE: GET / with {} and HTTP headers {"HTTP_REFERER"=>"/sessions"}
REQUESTING PAGE: GET /signin with {} and HTTP headers {}
REQUESTING PAGE: GET /signin with {} and HTTP headers {"HTTP_REFERER"=>"/signin"}
REQUESTING PAGE: POST /sessions with {"utf8"=>"✓", "email"=>"person_18@example.com", "password"=>"foobar", "commit"=>"Sign in"} and HTTP headers {"HTTP_REFERER"=>"/signin"}
REQUESTING PAGE: GET http://www.example.com/users/5268 with {} and HTTP headers {"HTTP_REFERER"=>"/sessions"}
REQUESTING PAGE: GET /signin with {} and HTTP headers {}
REQUESTING PAGE: GET /signin with {} and HTTP headers {"HTTP_REFERER"=>"/signin"}
REQUESTING PAGE: POST /sessions with {"utf8"=>"✓", "email"=>"person_19@example.com", "password"=>"foobar", "commit"=>"Sign in"} and HTTP headers {"HTTP_REFERER"=>"/signin"}
REQUESTING PAGE: GET http://www.example.com/users/5269 with {} and HTTP headers {"HTTP_REFERER"=>"/sessions"}
REQUESTING PAGE: GET /signin with {} and HTTP headers {}
REQUESTING PAGE: GET /signin with {} and HTTP headers {"HTTP_REFERER"=>"/signin"}
REQUESTING PAGE: POST /sessions with {"utf8"=>"✓", "email"=>"person_20@example.com", "password"=>"foobar", "commit"=>"Sign in"} and HTTP headers {"HTTP_REFERER"=>"/signin"}
REQUESTING PAGE: GET http://www.example.com/users/5270 with {} and HTTP headers {"HTTP_REFERER"=>"/sessions"}
REQUESTING PAGE: GET /signin with {} and HTTP headers {}
REQUESTING PAGE: GET /signin with {} and HTTP headers {"HTTP_REFERER"=>"/signin"}
REQUESTING PAGE: POST /sessions with {"utf8"=>"✓", "email"=>"person_21@example.com", "password"=>"foobar", "commit"=>"Sign in"} and HTTP headers {"HTTP_REFERER"=>"/signin"}
REQUESTING PAGE: GET http://www.example.com/users/5271 with {} and HTTP headers {"HTTP_REFERER"=>"/sessions"}
REQUESTING PAGE: GET /signin with {} and HTTP headers {}
REQUESTING PAGE: GET /signin with {} and HTTP headers {"HTTP_REFERER"=>"/signin"}
REQUESTING PAGE: POST /sessions with {"utf8"=>"✓", "email"=>"person_22@example.com", "password"=>"foobar", "commit"=>"Sign in"} and HTTP headers {"HTTP_REFERER"=>"/signin"}
REQUESTING PAGE: GET http://www.example.com/users/5272 with {} and HTTP headers {"HTTP_REFERER"=>"/sessions"}
REQUESTING PAGE: GET /signin with {} and HTTP headers {}
REQUESTING PAGE: GET /signin with {} and HTTP headers {"HTTP_REFERER"=>"/signin"}
REQUESTING PAGE: POST /sessions with {"utf8"=>"✓", "email"=>"person_23@example.com", "password"=>"foobar", "commit"=>"Sign in"} and HTTP headers {"HTTP_REFERER"=>"/signin"}
REQUESTING PAGE: GET http://www.example.com/users/5273 with {} and HTTP headers {"HTTP_REFERER"=>"/sessions"}
REQUESTING PAGE: GET /signin with {} and HTTP headers {}
REQUESTING PAGE: GET /signin with {} and HTTP headers {"HTTP_REFERER"=>"/signin"}
REQUESTING PAGE: POST /sessions with {"utf8"=>"✓", "email"=>"person_24@example.com", "password"=>"foobar", "commit"=>"Sign in"} and HTTP headers {"HTTP_REFERER"=>"/signin"}
REQUESTING PAGE: GET http://www.example.com/users/5274 with {} and HTTP headers {"HTTP_REFERER"=>"/sessions"}
REQUESTING PAGE: GET /signout with {} and HTTP headers {"HTTP_REFERER"=>"http://www.example.com/users/5274"}
REQUESTING PAGE: GET /signin with {} and HTTP headers {}
REQUESTING PAGE: POST /sessions with {"utf8"=>"✓", "email"=>"person_27@example.com", "password"=>"foobar", "commit"=>"Sign in"} and HTTP headers {"HTTP_REFERER"=>"/signin"}
REQUESTING PAGE: GET http://www.example.com/users/5277 with {} and HTTP headers {"HTTP_REFERER"=>"/sessions"}
REQUESTING PAGE: GET /users/5277/edit with {} and HTTP headers {"HTTP_REFERER"=>"http://www.example.com/users/5277"}
REQUESTING PAGE: GET /users/5278/edit with {} and HTTP headers {}
REQUESTING PAGE: GET http://www.example.com/signin with {} and HTTP headers {"HTTP_REFERER"=>"/users/5278/edit"}
REQUESTING PAGE: GET /users with {} and HTTP headers {}
REQUESTING PAGE: GET http://www.example.com/signin with {} and HTTP headers {"HTTP_REFERER"=>"/users"}
REQUESTING PAGE: GET /users/5280/edit with {} and HTTP headers {}
REQUESTING PAGE: GET http://www.example.com/signin with {} and HTTP headers {"HTTP_REFERER"=>"/users/5280/edit"}
REQUESTING PAGE: POST /sessions with {"utf8"=>"✓", "email"=>"person_30@example.com", "password"=>"foobar", "commit"=>"Sign in"} and HTTP headers {"HTTP_REFERER"=>"http://www.example.com/signin"}
REQUESTING PAGE: GET http://www.example.com/users/5280/edit with {} and HTTP headers {"HTTP_REFERER"=>"/sessions"}
REQUESTING PAGE: GET /users/5281/edit with {} and HTTP headers {}
REQUESTING PAGE: GET http://www.example.com/signin with {} and HTTP headers {"HTTP_REFERER"=>"/users/5281/edit"}
REQUESTING PAGE: POST /sessions with {"utf8"=>"✓", "email"=>"person_31@example.com", "password"=>"foobar", "commit"=>"Sign in"} and HTTP headers {"HTTP_REFERER"=>"http://www.example.com/signin"}
REQUESTING PAGE: GET http://www.example.com/users/5281/edit with {} and HTTP headers {"HTTP_REFERER"=>"/sessions"}
REQUESTING PAGE: GET /signin with {} and HTTP headers {"HTTP_REFERER"=>"http://www.example.com/users/5281/edit"}
REQUESTING PAGE: POST /sessions with {"utf8"=>"✓", "email"=>"person_31@example.com", "password"=>"foobar", "commit"=>"Sign in"} and HTTP headers {"HTTP_REFERER"=>"/signin"}
REQUESTING PAGE: GET http://www.example.com/users/5281 with {} and HTTP headers {"HTTP_REFERER"=>"/sessions"}
REQUESTING PAGE: GET /signin with {} and HTTP headers {}
REQUESTING PAGE: POST /sessions with {"utf8"=>"✓", "email"=>"person_33@example.com", "password"=>"foobar", "commit"=>"Sign in"} and HTTP headers {"HTTP_REFERER"=>"/signin"}
REQUESTING PAGE: GET http://www.example.com/users/5283 with {} and HTTP headers {"HTTP_REFERER"=>"/sessions"}
REQUESTING PAGE: GET /users/5284/edit with {} and HTTP headers {"HTTP_REFERER"=>"http://www.example.com/users/5283"}
REQUESTING PAGE: GET http://www.example.com/ with {} and HTTP headers {"HTTP_REFERER"=>"/users/5284/edit"}
REQUESTING PAGE: GET /signin with {} and HTTP headers {}
REQUESTING PAGE: POST /sessions with {"utf8"=>"✓", "email"=>"person_34@example.com", "password"=>"foobar", "commit"=>"Sign in"} and HTTP headers {"HTTP_REFERER"=>"/signin"}
REQUESTING PAGE: GET http://www.example.com/users/5285 with {} and HTTP headers {"HTTP_REFERER"=>"/sessions"}
REQUESTING PAGE: GET /signin with {} and HTTP headers {}
REQUESTING PAGE: POST /sessions with {"utf8"=>"✓", "email"=>"person_35@example.com", "password"=>"foobar", "commit"=>"Sign in"} and HTTP headers {"HTTP_REFERER"=>"/signin"}
REQUESTING PAGE: GET http://www.example.com/users/5287 with {} and HTTP headers {"HTTP_REFERER"=>"/sessions"}
REQUESTING PAGE: GET /signin with {} and HTTP headers {}
REQUESTING PAGE: POST /sessions with {"utf8"=>"✓", "email"=>"person_37@example.com", "password"=>"foobar", "commit"=>"Sign in"} and HTTP headers {"HTTP_REFERER"=>"/signin"}
REQUESTING PAGE: GET http://www.example.com/users/5289 with {} and HTTP headers {"HTTP_REFERER"=>"/sessions"}
REQUESTING PAGE: GET /signin with {} and HTTP headers {}
REQUESTING PAGE: POST /sessions with {"utf8"=>"✓", "email"=>"person_38@example.com", "password"=>"foobar", "commit"=>"Sign in"} and HTTP headers {"HTTP_REFERER"=>"/signin"}
REQUESTING PAGE: GET http://www.example.com/users/5290 with {} and HTTP headers {"HTTP_REFERER"=>"/sessions"}
REQUESTING PAGE: GET /signin with {} and HTTP headers {}
REQUESTING PAGE: POST /sessions with {"utf8"=>"✓", "email"=>"person_39@example.com", "password"=>"foobar", "commit"=>"Sign in"} and HTTP headers {"HTTP_REFERER"=>"/signin"}
REQUESTING PAGE: GET http://www.example.com/users/5291 with {} and HTTP headers {"HTTP_REFERER"=>"/sessions"}
REQUESTING PAGE: GET / with {} and HTTP headers {"HTTP_REFERER"=>"http://www.example.com/users/5291"}
REQUESTING PAGE: POST /microposts with {"utf8"=>"✓", "micropost"=>{"content"=>""}, "commit"=>"Post"} and HTTP headers {"HTTP_REFERER"=>"/"}
REQUESTING PAGE: GET /signin with {} and HTTP headers {}
REQUESTING PAGE: POST /sessions with {"utf8"=>"✓", "email"=>"person_40@example.com", "password"=>"foobar", "commit"=>"Sign in"} and HTTP headers {"HTTP_REFERER"=>"/signin"}
REQUESTING PAGE: GET http://www.example.com/users/5292 with {} and HTTP headers {"HTTP_REFERER"=>"/sessions"}
REQUESTING PAGE: GET / with {} and HTTP headers {"HTTP_REFERER"=>"http://www.example.com/users/5292"}
REQUESTING PAGE: POST /microposts with {"utf8"=>"✓", "micropost"=>{"content"=>""}, "commit"=>"Post"} and HTTP headers {"HTTP_REFERER"=>"/"}
REQUESTING PAGE: GET /signin with {} and HTTP headers {}
REQUESTING PAGE: POST /sessions with {"utf8"=>"✓", "email"=>"person_41@example.com", "password"=>"foobar", "commit"=>"Sign in"} and HTTP headers {"HTTP_REFERER"=>"/signin"}
REQUESTING PAGE: GET http://www.example.com/users/5293 with {} and HTTP headers {"HTTP_REFERER"=>"/sessions"}
REQUESTING PAGE: GET / with {} and HTTP headers {"HTTP_REFERER"=>"http://www.example.com/users/5293"}
REQUESTING PAGE: POST /microposts with {"utf8"=>"✓", "micropost"=>{"content"=>"Lorem ipsum"}, "commit"=>"Post"} and HTTP headers {"HTTP_REFERER"=>"/"}
REQUESTING PAGE: GET http://www.example.com/ with {} and HTTP headers {"HTTP_REFERER"=>"/microposts"}
REQUESTING PAGE: GET /signin with {} and HTTP headers {}
REQUESTING PAGE: POST /sessions with {"utf8"=>"✓", "email"=>"person_42@example.com", "password"=>"foobar", "commit"=>"Sign in"} and HTTP headers {"HTTP_REFERER"=>"/signin"}
REQUESTING PAGE: GET http://www.example.com/users/5294 with {} and HTTP headers {"HTTP_REFERER"=>"/sessions"}
REQUESTING PAGE: GET / with {} and HTTP headers {"HTTP_REFERER"=>"http://www.example.com/users/5294"}
REQUESTING PAGE: GET /microposts/2907 with {} and HTTP headers {"HTTP_REFERER"=>"/"}
REQUESTING PAGE: GET / with {} and HTTP headers {}
REQUESTING PAGE: GET / with {} and HTTP headers {}
REQUESTING PAGE: GET / with {} and HTTP headers {}
REQUESTING PAGE: GET / with {} and HTTP headers {}
REQUESTING PAGE: GET /signin with {} and HTTP headers {"HTTP_REFERER"=>"/"}
REQUESTING PAGE: POST /sessions with {"utf8"=>"✓", "email"=>"person_43@example.com", "password"=>"foobar", "commit"=>"Sign in"} and HTTP headers {"HTTP_REFERER"=>"/signin"}
REQUESTING PAGE: GET http://www.example.com/users/5295 with {} and HTTP headers {"HTTP_REFERER"=>"/sessions"}
REQUESTING PAGE: GET / with {} and HTTP headers {"HTTP_REFERER"=>"http://www.example.com/users/5295"}
REQUESTING PAGE: GET / with {} and HTTP headers {}
REQUESTING PAGE: GET /signin with {} and HTTP headers {"HTTP_REFERER"=>"/"}
REQUESTING PAGE: POST /sessions with {"utf8"=>"✓", "email"=>"person_44@example.com", "password"=>"foobar", "commit"=>"Sign in"} and HTTP headers {"HTTP_REFERER"=>"/signin"}
REQUESTING PAGE: GET http://www.example.com/users/5296 with {} and HTTP headers {"HTTP_REFERER"=>"/sessions"}
REQUESTING PAGE: GET / with {} and HTTP headers {"HTTP_REFERER"=>"http://www.example.com/users/5296"}
REQUESTING PAGE: GET / with {} and HTTP headers {}
REQUESTING PAGE: GET /signin with {} and HTTP headers {"HTTP_REFERER"=>"/"}
REQUESTING PAGE: POST /sessions with {"utf8"=>"✓", "email"=>"person_44@example.com", "password"=>"foobar", "commit"=>"Sign in"} and HTTP headers {"HTTP_REFERER"=>"/signin"}
REQUESTING PAGE: GET http://www.example.com/users/5296 with {} and HTTP headers {"HTTP_REFERER"=>"/sessions"}
REQUESTING PAGE: GET / with {} and HTTP headers {"HTTP_REFERER"=>"http://www.example.com/users/5296"}
REQUESTING PAGE: GET /help with {} and HTTP headers {}
REQUESTING PAGE: GET /help with {} and HTTP headers {}
REQUESTING PAGE: GET /about with {} and HTTP headers {}
REQUESTING PAGE: GET /about with {} and HTTP headers {}
REQUESTING PAGE: GET /contact with {} and HTTP headers {}
REQUESTING PAGE: GET /contact with {} and HTTP headers {}
REQUESTING PAGE: GET /signin with {} and HTTP headers {}
REQUESTING PAGE: POST /sessions with {"utf8"=>"✓", "email"=>"person_45@example.com", "password"=>"foobar", "commit"=>"Sign in"} and HTTP headers {"HTTP_REFERER"=>"/signin"}
REQUESTING PAGE: GET http://www.example.com/users/5297 with {} and HTTP headers {"HTTP_REFERER"=>"/sessions"}
REQUESTING PAGE: GET /users with {} and HTTP headers {"HTTP_REFERER"=>"http://www.example.com/users/5297"}
REQUESTING PAGE: GET /signin with {} and HTTP headers {}
REQUESTING PAGE: POST /sessions with {"utf8"=>"✓", "email"=>"person_46@example.com", "password"=>"foobar", "commit"=>"Sign in"} and HTTP headers {"HTTP_REFERER"=>"/signin"}
REQUESTING PAGE: GET http://www.example.com/users/5298 with {} and HTTP headers {"HTTP_REFERER"=>"/sessions"}
REQUESTING PAGE: GET /users with {} and HTTP headers {"HTTP_REFERER"=>"http://www.example.com/users/5298"}
REQUESTING PAGE: GET /signin with {} and HTTP headers {}
REQUESTING PAGE: POST /sessions with {"utf8"=>"✓", "email"=>"person_77@example.com", "password"=>"foobar", "commit"=>"Sign in"} and HTTP headers {"HTTP_REFERER"=>"/signin"}
REQUESTING PAGE: GET http://www.example.com/users/5329 with {} and HTTP headers {"HTTP_REFERER"=>"/sessions"}
REQUESTING PAGE: GET /users with {} and HTTP headers {"HTTP_REFERER"=>"http://www.example.com/users/5329"}
REQUESTING PAGE: GET /signin with {} and HTTP headers {}
REQUESTING PAGE: POST /sessions with {"utf8"=>"✓", "email"=>"person_78@example.com", "password"=>"foobar", "commit"=>"Sign in"} and HTTP headers {"HTTP_REFERER"=>"/signin"}
REQUESTING PAGE: GET http://www.example.com/users/5330 with {} and HTTP headers {"HTTP_REFERER"=>"/sessions"}
REQUESTING PAGE: GET /users with {} and HTTP headers {"HTTP_REFERER"=>"http://www.example.com/users/5330"}
REQUESTING PAGE: GET /signin with {} and HTTP headers {}
REQUESTING PAGE: POST /sessions with {"utf8"=>"✓", "email"=>"person_79@example.com", "password"=>"foobar", "commit"=>"Sign in"} and HTTP headers {"HTTP_REFERER"=>"/signin"}
REQUESTING PAGE: GET http://www.example.com/users/5331 with {} and HTTP headers {"HTTP_REFERER"=>"/sessions"}
REQUESTING PAGE: GET /users with {} and HTTP headers {"HTTP_REFERER"=>"http://www.example.com/users/5331"}
REQUESTING PAGE: GET /signin with {} and HTTP headers {}
REQUESTING PAGE: POST /sessions with {"utf8"=>"✓", "email"=>"person_80@example.com", "password"=>"foobar", "commit"=>"Sign in"} and HTTP headers {"HTTP_REFERER"=>"/signin"}
REQUESTING PAGE: GET http://www.example.com/users/5332 with {} and HTTP headers {"HTTP_REFERER"=>"/sessions"}
REQUESTING PAGE: GET /users with {} and HTTP headers {"HTTP_REFERER"=>"http://www.example.com/users/5332"}
REQUESTING PAGE: GET /signin with {} and HTTP headers {"HTTP_REFERER"=>"/users"}
REQUESTING PAGE: POST /sessions with {"utf8"=>"✓", "email"=>"person_81@example.com", "password"=>"foobar", "commit"=>"Sign in"} and HTTP headers {"HTTP_REFERER"=>"/signin"}
REQUESTING PAGE: GET http://www.example.com/users/5333 with {} and HTTP headers {"HTTP_REFERER"=>"/sessions"}
REQUESTING PAGE: GET /users with {} and HTTP headers {"HTTP_REFERER"=>"http://www.example.com/users/5333"}
REQUESTING PAGE: GET /signin with {} and HTTP headers {}
REQUESTING PAGE: POST /sessions with {"utf8"=>"✓", "email"=>"person_82@example.com", "password"=>"foobar", "commit"=>"Sign in"} and HTTP headers {"HTTP_REFERER"=>"/signin"}
REQUESTING PAGE: GET http://www.example.com/users/5334 with {} and HTTP headers {"HTTP_REFERER"=>"/sessions"}
REQUESTING PAGE: GET /users with {} and HTTP headers {"HTTP_REFERER"=>"http://www.example.com/users/5334"}
REQUESTING PAGE: GET /signin with {} and HTTP headers {"HTTP_REFERER"=>"/users"}
REQUESTING PAGE: POST /sessions with {"utf8"=>"✓", "email"=>"person_83@example.com", "password"=>"foobar", "commit"=>"Sign in"} and HTTP headers {"HTTP_REFERER"=>"/signin"}
REQUESTING PAGE: GET http://www.example.com/users/5335 with {} and HTTP headers {"HTTP_REFERER"=>"/sessions"}
REQUESTING PAGE: GET /users with {} and HTTP headers {"HTTP_REFERER"=>"http://www.example.com/users/5335"}
REQUESTING PAGE: GET /users/5334 with {} and HTTP headers {"HTTP_REFERER"=>"/users"}
REQUESTING PAGE: GET /signin with {} and HTTP headers {}
REQUESTING PAGE: POST /sessions with {"utf8"=>"✓", "email"=>"person_84@example.com", "password"=>"foobar", "commit"=>"Sign in"} and HTTP headers {"HTTP_REFERER"=>"/signin"}
REQUESTING PAGE: GET http://www.example.com/users/5336 with {} and HTTP headers {"HTTP_REFERER"=>"/sessions"}
REQUESTING PAGE: GET /users with {} and HTTP headers {"HTTP_REFERER"=>"http://www.example.com/users/5336"}
REQUESTING PAGE: GET /signin with {} and HTTP headers {"HTTP_REFERER"=>"/users"}
REQUESTING PAGE: POST /sessions with {"utf8"=>"✓", "email"=>"person_85@example.com", "password"=>"foobar", "commit"=>"Sign in"} and HTTP headers {"HTTP_REFERER"=>"/signin"}
REQUESTING PAGE: GET http://www.example.com/users/5337 with {} and HTTP headers {"HTTP_REFERER"=>"/sessions"}
REQUESTING PAGE: GET /users with {} and HTTP headers {"HTTP_REFERER"=>"http://www.example.com/users/5337"}
REQUESTING PAGE: GET /signup with {} and HTTP headers {}
REQUESTING PAGE: GET /signup with {} and HTTP headers {}
REQUESTING PAGE: GET /users/5338 with {} and HTTP headers {}
REQUESTING PAGE: GET /users/5339 with {} and HTTP headers {}
REQUESTING PAGE: GET /users/5340 with {} and HTTP headers {}
REQUESTING PAGE: GET /users/5341 with {} and HTTP headers {}
REQUESTING PAGE: GET /users/5342 with {} and HTTP headers {}
REQUESTING PAGE: GET /users/5343 with {} and HTTP headers {}
REQUESTING PAGE: GET /users/5343 with {} and HTTP headers {}
REQUESTING PAGE: GET /signup with {} and HTTP headers {}
REQUESTING PAGE: POST /users with {"utf8"=>"✓", "user"=>{"name"=>"", "email"=>"", "password"=>"", "password_confirmation"=>""}, "commit"=>"Create my account"} and HTTP headers {"HTTP_REFERER"=>"/signup"}
REQUESTING PAGE: GET /signup with {} and HTTP headers {}
REQUESTING PAGE: POST /users with {"utf8"=>"✓", "user"=>{"name"=>"", "email"=>"", "password"=>"", "password_confirmation"=>""}, "commit"=>"Create my account"} and HTTP headers {"HTTP_REFERER"=>"/signup"}
REQUESTING PAGE: GET /signup with {} and HTTP headers {}
REQUESTING PAGE: POST /users with {"utf8"=>"✓", "user"=>{"name"=>"", "email"=>"", "password"=>"", "password_confirmation"=>""}, "commit"=>"Create my account"} and HTTP headers {"HTTP_REFERER"=>"/signup"}
REQUESTING PAGE: GET /signup with {} and HTTP headers {}
REQUESTING PAGE: POST /users with {"utf8"=>"✓", "user"=>{"name"=>"Example User", "email"=>"user@example.com", "password"=>"foobar", "password_confirmation"=>"foobar"}, "commit"=>"Create my account"} and HTTP headers {"HTTP_REFERER"=>"/signup"}
REQUESTING PAGE: GET http://www.example.com/users/5344 with {} and HTTP headers {"HTTP_REFERER"=>"/users"}
REQUESTING PAGE: GET /signup with {} and HTTP headers {}
REQUESTING PAGE: POST /users with {"utf8"=>"✓", "user"=>{"name"=>"Example User", "email"=>"user@example.com", "password"=>"foobar", "password_confirmation"=>"foobar"}, "commit"=>"Create my account"} and HTTP headers {"HTTP_REFERER"=>"/signup"}
REQUESTING PAGE: GET http://www.example.com/users/5345 with {} and HTTP headers {"HTTP_REFERER"=>"/users"}
REQUESTING PAGE: GET /signup with {} and HTTP headers {}
REQUESTING PAGE: POST /users with {"utf8"=>"✓", "user"=>{"name"=>"Example User", "email"=>"user@example.com", "password"=>"foobar", "password_confirmation"=>"foobar"}, "commit"=>"Create my account"} and HTTP headers {"HTTP_REFERER"=>"/signup"}
REQUESTING PAGE: GET http://www.example.com/users/5346 with {} and HTTP headers {"HTTP_REFERER"=>"/users"}
REQUESTING PAGE: GET /signup with {} and HTTP headers {}
REQUESTING PAGE: POST /users with {"utf8"=>"✓", "user"=>{"name"=>"Example User", "email"=>"user@example.com", "password"=>"foobar", "password_confirmation"=>"foobar"}, "commit"=>"Create my account"} and HTTP headers {"HTTP_REFERER"=>"/signup"}
REQUESTING PAGE: GET http://www.example.com/users/5347 with {} and HTTP headers {"HTTP_REFERER"=>"/users"}
REQUESTING PAGE: GET /signin with {} and HTTP headers {}
REQUESTING PAGE: POST /sessions with {"utf8"=>"✓", "email"=>"person_92@example.com", "password"=>"foobar", "commit"=>"Sign in"} and HTTP headers {"HTTP_REFERER"=>"/signin"}
REQUESTING PAGE: GET http://www.example.com/users/5348 with {} and HTTP headers {"HTTP_REFERER"=>"/sessions"}
REQUESTING PAGE: GET /users/5348/edit with {} and HTTP headers {"HTTP_REFERER"=>"http://www.example.com/users/5348"}
REQUESTING PAGE: GET /signin with {} and HTTP headers {}
REQUESTING PAGE: POST /sessions with {"utf8"=>"✓", "email"=>"person_93@example.com", "password"=>"foobar", "commit"=>"Sign in"} and HTTP headers {"HTTP_REFERER"=>"/signin"}
REQUESTING PAGE: GET http://www.example.com/users/5349 with {} and HTTP headers {"HTTP_REFERER"=>"/sessions"}
REQUESTING PAGE: GET /users/5349/edit with {} and HTTP headers {"HTTP_REFERER"=>"http://www.example.com/users/5349"}
REQUESTING PAGE: GET /signin with {} and HTTP headers {}
REQUESTING PAGE: POST /sessions with {"utf8"=>"✓", "email"=>"person_94@example.com", "password"=>"foobar", "commit"=>"Sign in"} and HTTP headers {"HTTP_REFERER"=>"/signin"}
REQUESTING PAGE: GET http://www.example.com/users/5350 with {} and HTTP headers {"HTTP_REFERER"=>"/sessions"}
REQUESTING PAGE: GET /users/5350/edit with {} and HTTP headers {"HTTP_REFERER"=>"http://www.example.com/users/5350"}
REQUESTING PAGE: GET /signin with {} and HTTP headers {}
REQUESTING PAGE: POST /sessions with {"utf8"=>"✓", "email"=>"person_95@example.com", "password"=>"foobar", "commit"=>"Sign in"} and HTTP headers {"HTTP_REFERER"=>"/signin"}
REQUESTING PAGE: GET http://www.example.com/users/5351 with {} and HTTP headers {"HTTP_REFERER"=>"/sessions"}
REQUESTING PAGE: GET /users/5351/edit with {} and HTTP headers {"HTTP_REFERER"=>"http://www.example.com/users/5351"}
REQUESTING PAGE: POST /users/5351 with {"utf8"=>"✓", "_method"=>"put", "user"=>{"name"=>"Person 97", "email"=>"person_95@example.com", "password"=>"", "password_confirmation"=>""}, "commit"=>"Save changes"} and HTTP headers {"HTTP_REFERER"=>"/users/5351/edit"}
REQUESTING PAGE: GET /signin with {} and HTTP headers {}
REQUESTING PAGE: POST /sessions with {"utf8"=>"✓", "email"=>"person_96@example.com", "password"=>"foobar", "commit"=>"Sign in"} and HTTP headers {"HTTP_REFERER"=>"/signin"}
REQUESTING PAGE: GET http://www.example.com/users/5352 with {} and HTTP headers {"HTTP_REFERER"=>"/sessions"}
REQUESTING PAGE: GET /users/5352/edit with {} and HTTP headers {"HTTP_REFERER"=>"http://www.example.com/users/5352"}
REQUESTING PAGE: POST /users/5352 with {"utf8"=>"✓", "_method"=>"put", "user"=>{"name"=>"New Name", "email"=>"new@example.com", "password"=>"foobar", "password_confirmation"=>"foobar"}, "commit"=>"Save changes"} and HTTP headers {"HTTP_REFERER"=>"/users/5352/edit"}
REQUESTING PAGE: GET http://www.example.com/users/5352 with {} and HTTP headers {"HTTP_REFERER"=>"/users/5352"}
REQUESTING PAGE: GET /signin with {} and HTTP headers {}
REQUESTING PAGE: POST /sessions with {"utf8"=>"✓", "email"=>"person_97@example.com", "password"=>"foobar", "commit"=>"Sign in"} and HTTP headers {"HTTP_REFERER"=>"/signin"}
REQUESTING PAGE: GET http://www.example.com/users/5353 with {} and HTTP headers {"HTTP_REFERER"=>"/sessions"}
REQUESTING PAGE: GET /users/5353/edit with {} and HTTP headers {"HTTP_REFERER"=>"http://www.example.com/users/5353"}
REQUESTING PAGE: POST /users/5353 with {"utf8"=>"✓", "_method"=>"put", "user"=>{"name"=>"New Name", "email"=>"new@example.com", "password"=>"foobar", "password_confirmation"=>"foobar"}, "commit"=>"Save changes"} and HTTP headers {"HTTP_REFERER"=>"/users/5353/edit"}
REQUESTING PAGE: GET http://www.example.com/users/5353 with {} and HTTP headers {"HTTP_REFERER"=>"/users/5353"}
REQUESTING PAGE: GET /signin with {} and HTTP headers {}
REQUESTING PAGE: POST /sessions with {"utf8"=>"✓", "email"=>"person_98@example.com", "password"=>"foobar", "commit"=>"Sign in"} and HTTP headers {"HTTP_REFERER"=>"/signin"}
REQUESTING PAGE: GET http://www.example.com/users/5354 with {} and HTTP headers {"HTTP_REFERER"=>"/sessions"}
REQUESTING PAGE: GET /users/5354/edit with {} and HTTP headers {"HTTP_REFERER"=>"http://www.example.com/users/5354"}
REQUESTING PAGE: POST /users/5354 with {"utf8"=>"✓", "_method"=>"put", "user"=>{"name"=>"New Name", "email"=>"new@example.com", "password"=>"foobar", "password_confirmation"=>"foobar"}, "commit"=>"Save changes"} and HTTP headers {"HTTP_REFERER"=>"/users/5354/edit"}
REQUESTING PAGE: GET http://www.example.com/users/5354 with {} and HTTP headers {"HTTP_REFERER"=>"/users/5354"}
REQUESTING PAGE: GET /signin with {} and HTTP headers {}
REQUESTING PAGE: POST /sessions with {"utf8"=>"✓", "email"=>"person_99@example.com", "password"=>"foobar", "commit"=>"Sign in"} and HTTP headers {"HTTP_REFERER"=>"/signin"}
REQUESTING PAGE: GET http://www.example.com/users/5355 with {} and HTTP headers {"HTTP_REFERER"=>"/sessions"}
REQUESTING PAGE: GET /users/5355/edit with {} and HTTP headers {"HTTP_REFERER"=>"http://www.example.com/users/5355"}
REQUESTING PAGE: POST /users/5355 with {"utf8"=>"✓", "_method"=>"put", "user"=>{"name"=>"New Name", "email"=>"new@example.com", "password"=>"foobar", "password_confirmation"=>"foobar"}, "commit"=>"Save changes"} and HTTP headers {"HTTP_REFERER"=>"/users/5355/edit"}
REQUESTING PAGE: GET http://www.example.com/users/5355 with {} and HTTP headers {"HTTP_REFERER"=>"/users/5355"}
REQUESTING PAGE: GET /signin with {} and HTTP headers {}
REQUESTING PAGE: POST /sessions with {"utf8"=>"✓", "email"=>"person_100@example.com", "password"=>"foobar", "commit"=>"Sign in"} and HTTP headers {"HTTP_REFERER"=>"/signin"}
REQUESTING PAGE: GET http://www.example.com/users/5356 with {} and HTTP headers {"HTTP_REFERER"=>"/sessions"}
REQUESTING PAGE: GET /users/5356/edit with {} and HTTP headers {"HTTP_REFERER"=>"http://www.example.com/users/5356"}
REQUESTING PAGE: POST /users/5356 with {"utf8"=>"✓", "_method"=>"put", "user"=>{"name"=>"New Name", "email"=>"new@example.com", "password"=>"foobar", "password_confirmation"=>"foobar"}, "commit"=>"Save changes"} and HTTP headers {"HTTP_REFERER"=>"/users/5356/edit"}
REQUESTING PAGE: GET http://www.example.com/users/5356 with {} and HTTP headers {"HTTP_REFERER"=>"/users/5356"}
